2014-08-22 22:34:13,276 - Log4JLogChute initialized using file 'velocity.log'
2014-08-22 22:34:13,277 - Starting Apache Velocity v1.6.4 (compiled: 2010-04-27 15:31:23)
2014-08-22 22:34:13,277 - Default Properties File: org\apache\velocity\runtime\defaults\velocity.properties
2014-08-22 22:34:13,277 - Trying to use logger class org.apache.velocity.runtime.log.AvalonLogChute
2014-08-22 22:34:13,277 - Target log system for org.apache.velocity.runtime.log.AvalonLogChute is not available (java.lang.NoClassDefFoundError: org/apache/log/format/Formatter).  Falling back to next log system...
2014-08-22 22:34:13,277 - Trying to use logger class org.apache.velocity.runtime.log.Log4JLogChute
2014-08-22 22:34:13,277 - Using logger class org.apache.velocity.runtime.log.Log4JLogChute
2014-08-22 22:34:13,284 - ResourceLoader instantiated: org.apache.velocity.runtime.resource.loader.ClasspathResourceLoader
2014-08-22 22:34:13,308 - ResourceCache: initialized (class org.apache.velocity.runtime.resource.ResourceCacheImpl) with class java.util.Collections$SynchronizedMap cache map.
2014-08-22 22:34:13,310 - Loaded System Directive: org.apache.velocity.runtime.directive.Define
2014-08-22 22:34:13,312 - Loaded System Directive: org.apache.velocity.runtime.directive.Break
2014-08-22 22:34:13,313 - Loaded System Directive: org.apache.velocity.runtime.directive.Evaluate
2014-08-22 22:34:13,314 - Loaded System Directive: org.apache.velocity.runtime.directive.Literal
2014-08-22 22:34:13,316 - Loaded System Directive: org.apache.velocity.runtime.directive.Macro
2014-08-22 22:34:13,319 - Loaded System Directive: org.apache.velocity.runtime.directive.Parse
2014-08-22 22:34:13,322 - Loaded System Directive: org.apache.velocity.runtime.directive.Include
2014-08-22 22:34:13,324 - Loaded System Directive: org.apache.velocity.runtime.directive.Foreach
2014-08-22 22:34:13,329 - Velocity was not initialized! Calling init()...
2014-08-22 22:34:13,367 - Velocity was not initialized! Calling init()...
2014-08-22 22:34:13,367 - Velocity was not initialized! Calling init()...
2014-08-22 22:34:13,367 - Velocity was not initialized! Calling init()...
2014-08-22 22:34:13,368 - Velocity was not initialized! Calling init()...
2014-08-22 22:34:13,368 - Velocity was not initialized! Calling init()...
2014-08-22 22:34:13,368 - Velocity was not initialized! Calling init()...
2014-08-22 22:34:13,368 - Velocity was not initialized! Calling init()...
2014-08-22 22:34:13,368 - Velocity was not initialized! Calling init()...
2014-08-22 22:34:13,368 - Velocity was not initialized! Calling init()...
2014-08-22 22:34:13,368 - Velocity was not initialized! Calling init()...
2014-08-22 22:34:13,369 - Velocity was not initialized! Calling init()...
2014-08-22 22:34:13,369 - Velocity was not initialized! Calling init()...
2014-08-22 22:34:13,369 - Velocity was not initialized! Calling init()...
2014-08-22 22:34:13,369 - Velocity was not initialized! Calling init()...
2014-08-22 22:34:13,369 - Velocity was not initialized! Calling init()...
2014-08-22 22:34:13,369 - Velocity was not initialized! Calling init()...
2014-08-22 22:34:13,369 - Velocity was not initialized! Calling init()...
2014-08-22 22:34:13,370 - Velocity was not initialized! Calling init()...
2014-08-22 22:34:13,370 - Velocity was not initialized! Calling init()...
2014-08-22 22:34:13,370 - Created '20' parsers.
2014-08-22 22:34:13,380 - Velocimacro : "velocimacro.library" is not set.  Trying default library: VM_global_library.vm
2014-08-22 22:34:13,380 - Velocity was not initialized! Calling init()...
2014-08-22 22:34:13,383 - Could not load resource 'VM_global_library.vm' from ResourceLoader org.apache.velocity.runtime.resource.loader.ClasspathResourceLoader: 
org.apache.velocity.exception.ResourceNotFoundException: ClasspathResourceLoader Error: cannot find resource VM_global_library.vm
	at org.apache.velocity.runtime.resource.loader.ClasspathResourceLoader.getResourceStream(ClasspathResourceLoader.java:131)
	at org.apache.velocity.runtime.resource.loader.ResourceLoader.resourceExists(ResourceLoader.java:224)
	at org.apache.velocity.runtime.resource.ResourceManagerImpl.getLoaderForResource(ResourceManagerImpl.java:641)
	at org.apache.velocity.runtime.resource.ResourceManagerImpl.getLoaderNameForResource(ResourceManagerImpl.java:624)
	at org.apache.velocity.runtime.RuntimeInstance.getLoaderNameForResource(RuntimeInstance.java:1464)
	at org.apache.velocity.runtime.VelocimacroFactory.initVelocimacro(VelocimacroFactory.java:159)
	at org.apache.velocity.runtime.RuntimeInstance.init(RuntimeInstance.java:261)
	at org.apache.velocity.runtime.RuntimeSingleton.init(RuntimeSingleton.java:114)
	at org.apache.velocity.app.Velocity.init(Velocity.java:79)
	at org.pgrisafi.gengen.generator.Generator.init(Generator.java:45)
	at org.pgrisafi.gengen.GenGenMojo.execute(GenGenMojo.java:64)
	at org.apache.maven.plugin.DefaultBuildPluginManager.executeMojo(DefaultBuildPluginManager.java:132)
	at org.apache.maven.lifecycle.internal.MojoExecutor.execute(MojoExecutor.java:208)
	at org.apache.maven.lifecycle.internal.MojoExecutor.execute(MojoExecutor.java:153)
	at org.apache.maven.lifecycle.internal.MojoExecutor.execute(MojoExecutor.java:145)
	at org.apache.maven.lifecycle.internal.LifecycleModuleBuilder.buildProject(LifecycleModuleBuilder.java:116)
	at org.apache.maven.lifecycle.internal.LifecycleModuleBuilder.buildProject(LifecycleModuleBuilder.java:80)
	at org.apache.maven.lifecycle.internal.builder.singlethreaded.SingleThreadedBuilder.build(SingleThreadedBuilder.java:51)
	at org.apache.maven.lifecycle.internal.LifecycleStarter.execute(LifecycleStarter.java:120)
	at org.apache.maven.DefaultMaven.doExecute(DefaultMaven.java:347)
	at org.apache.maven.DefaultMaven.execute(DefaultMaven.java:154)
	at org.apache.maven.cli.MavenCli.execute(MavenCli.java:584)
	at org.apache.maven.cli.MavenCli.doMain(MavenCli.java:213)
	at org.apache.maven.cli.MavenCli.main(MavenCli.java:157)
	at sun.reflect.NativeMethodAccessorImpl.invoke0(Native Method)
	at sun.reflect.NativeMethodAccessorImpl.invoke(NativeMethodAccessorImpl.java:62)
	at sun.reflect.DelegatingMethodAccessorImpl.invoke(DelegatingMethodAccessorImpl.java:43)
	at java.lang.reflect.Method.invoke(Method.java:483)
	at org.codehaus.plexus.classworlds.launcher.Launcher.launchEnhanced(Launcher.java:289)
	at org.codehaus.plexus.classworlds.launcher.Launcher.launch(Launcher.java:229)
	at org.codehaus.plexus.classworlds.launcher.Launcher.mainWithExitCode(Launcher.java:415)
	at org.codehaus.plexus.classworlds.launcher.Launcher.main(Launcher.java:356)
2014-08-22 22:34:13,386 - Velocimacro : Default library not found.
2014-08-22 22:34:13,386 - Velocimacro : allowInline = true : VMs can be defined inline in templates
2014-08-22 22:34:13,386 - Velocimacro : allowInlineToOverride = false : VMs defined inline may NOT replace previous VM definitions
2014-08-22 22:34:13,386 - Velocimacro : allowInlineLocal = false : VMs defined inline will be global in scope if allowed.
2014-08-22 22:34:13,386 - Velocimacro : autoload off : VM system will not automatically reload global library macros
2014-08-22 22:34:58,827 - Log4JLogChute initialized using file 'velocity.log'
2014-08-22 22:34:58,828 - Starting Apache Velocity v1.6.4 (compiled: 2010-04-27 15:31:23)
2014-08-22 22:34:58,828 - Default Properties File: org\apache\velocity\runtime\defaults\velocity.properties
2014-08-22 22:34:58,828 - Trying to use logger class org.apache.velocity.runtime.log.AvalonLogChute
2014-08-22 22:34:58,828 - Target log system for org.apache.velocity.runtime.log.AvalonLogChute is not available (java.lang.NoClassDefFoundError: org/apache/log/format/Formatter).  Falling back to next log system...
2014-08-22 22:34:58,828 - Trying to use logger class org.apache.velocity.runtime.log.Log4JLogChute
2014-08-22 22:34:58,828 - Using logger class org.apache.velocity.runtime.log.Log4JLogChute
2014-08-22 22:34:58,834 - ResourceLoader instantiated: org.apache.velocity.runtime.resource.loader.ClasspathResourceLoader
2014-08-22 22:34:58,861 - ResourceCache: initialized (class org.apache.velocity.runtime.resource.ResourceCacheImpl) with class java.util.Collections$SynchronizedMap cache map.
2014-08-22 22:34:58,863 - Loaded System Directive: org.apache.velocity.runtime.directive.Define
2014-08-22 22:34:58,865 - Loaded System Directive: org.apache.velocity.runtime.directive.Break
2014-08-22 22:34:58,866 - Loaded System Directive: org.apache.velocity.runtime.directive.Evaluate
2014-08-22 22:34:58,867 - Loaded System Directive: org.apache.velocity.runtime.directive.Literal
2014-08-22 22:34:58,870 - Loaded System Directive: org.apache.velocity.runtime.directive.Macro
2014-08-22 22:34:58,872 - Loaded System Directive: org.apache.velocity.runtime.directive.Parse
2014-08-22 22:34:58,875 - Loaded System Directive: org.apache.velocity.runtime.directive.Include
2014-08-22 22:34:58,877 - Loaded System Directive: org.apache.velocity.runtime.directive.Foreach
2014-08-22 22:34:58,881 - Velocity was not initialized! Calling init()...
2014-08-22 22:34:58,925 - Velocity was not initialized! Calling init()...
2014-08-22 22:34:58,926 - Velocity was not initialized! Calling init()...
2014-08-22 22:34:58,926 - Velocity was not initialized! Calling init()...
2014-08-22 22:34:58,926 - Velocity was not initialized! Calling init()...
2014-08-22 22:34:58,926 - Velocity was not initialized! Calling init()...
2014-08-22 22:34:58,926 - Velocity was not initialized! Calling init()...
2014-08-22 22:34:58,927 - Velocity was not initialized! Calling init()...
2014-08-22 22:34:58,927 - Velocity was not initialized! Calling init()...
2014-08-22 22:34:58,927 - Velocity was not initialized! Calling init()...
2014-08-22 22:34:58,927 - Velocity was not initialized! Calling init()...
2014-08-22 22:34:58,927 - Velocity was not initialized! Calling init()...
2014-08-22 22:34:58,927 - Velocity was not initialized! Calling init()...
2014-08-22 22:34:58,928 - Velocity was not initialized! Calling init()...
2014-08-22 22:34:58,928 - Velocity was not initialized! Calling init()...
2014-08-22 22:34:58,928 - Velocity was not initialized! Calling init()...
2014-08-22 22:34:58,928 - Velocity was not initialized! Calling init()...
2014-08-22 22:34:58,928 - Velocity was not initialized! Calling init()...
2014-08-22 22:34:58,929 - Velocity was not initialized! Calling init()...
2014-08-22 22:34:58,929 - Velocity was not initialized! Calling init()...
2014-08-22 22:34:58,929 - Created '20' parsers.
2014-08-22 22:34:58,940 - Velocimacro : "velocimacro.library" is not set.  Trying default library: VM_global_library.vm
2014-08-22 22:34:58,940 - Velocity was not initialized! Calling init()...
2014-08-22 22:34:58,942 - Could not load resource 'VM_global_library.vm' from ResourceLoader org.apache.velocity.runtime.resource.loader.ClasspathResourceLoader: 
org.apache.velocity.exception.ResourceNotFoundException: ClasspathResourceLoader Error: cannot find resource VM_global_library.vm
	at org.apache.velocity.runtime.resource.loader.ClasspathResourceLoader.getResourceStream(ClasspathResourceLoader.java:131)
	at org.apache.velocity.runtime.resource.loader.ResourceLoader.resourceExists(ResourceLoader.java:224)
	at org.apache.velocity.runtime.resource.ResourceManagerImpl.getLoaderForResource(ResourceManagerImpl.java:641)
	at org.apache.velocity.runtime.resource.ResourceManagerImpl.getLoaderNameForResource(ResourceManagerImpl.java:624)
	at org.apache.velocity.runtime.RuntimeInstance.getLoaderNameForResource(RuntimeInstance.java:1464)
	at org.apache.velocity.runtime.VelocimacroFactory.initVelocimacro(VelocimacroFactory.java:159)
	at org.apache.velocity.runtime.RuntimeInstance.init(RuntimeInstance.java:261)
	at org.apache.velocity.runtime.RuntimeSingleton.init(RuntimeSingleton.java:114)
	at org.apache.velocity.app.Velocity.init(Velocity.java:79)
	at org.pgrisafi.gengen.generator.Generator.init(Generator.java:45)
	at org.pgrisafi.gengen.GenGenMojo.execute(GenGenMojo.java:64)
	at org.apache.maven.plugin.DefaultBuildPluginManager.executeMojo(DefaultBuildPluginManager.java:132)
	at org.apache.maven.lifecycle.internal.MojoExecutor.execute(MojoExecutor.java:208)
	at org.apache.maven.lifecycle.internal.MojoExecutor.execute(MojoExecutor.java:153)
	at org.apache.maven.lifecycle.internal.MojoExecutor.execute(MojoExecutor.java:145)
	at org.apache.maven.lifecycle.internal.LifecycleModuleBuilder.buildProject(LifecycleModuleBuilder.java:116)
	at org.apache.maven.lifecycle.internal.LifecycleModuleBuilder.buildProject(LifecycleModuleBuilder.java:80)
	at org.apache.maven.lifecycle.internal.builder.singlethreaded.SingleThreadedBuilder.build(SingleThreadedBuilder.java:51)
	at org.apache.maven.lifecycle.internal.LifecycleStarter.execute(LifecycleStarter.java:120)
	at org.apache.maven.DefaultMaven.doExecute(DefaultMaven.java:347)
	at org.apache.maven.DefaultMaven.execute(DefaultMaven.java:154)
	at org.apache.maven.cli.MavenCli.execute(MavenCli.java:584)
	at org.apache.maven.cli.MavenCli.doMain(MavenCli.java:213)
	at org.apache.maven.cli.MavenCli.main(MavenCli.java:157)
	at sun.reflect.NativeMethodAccessorImpl.invoke0(Native Method)
	at sun.reflect.NativeMethodAccessorImpl.invoke(NativeMethodAccessorImpl.java:62)
	at sun.reflect.DelegatingMethodAccessorImpl.invoke(DelegatingMethodAccessorImpl.java:43)
	at java.lang.reflect.Method.invoke(Method.java:483)
	at org.codehaus.plexus.classworlds.launcher.Launcher.launchEnhanced(Launcher.java:289)
	at org.codehaus.plexus.classworlds.launcher.Launcher.launch(Launcher.java:229)
	at org.codehaus.plexus.classworlds.launcher.Launcher.mainWithExitCode(Launcher.java:415)
	at org.codehaus.plexus.classworlds.launcher.Launcher.main(Launcher.java:356)
2014-08-22 22:34:58,945 - Velocimacro : Default library not found.
2014-08-22 22:34:58,945 - Velocimacro : allowInline = true : VMs can be defined inline in templates
2014-08-22 22:34:58,945 - Velocimacro : allowInlineToOverride = false : VMs defined inline may NOT replace previous VM definitions
2014-08-22 22:34:58,946 - Velocimacro : allowInlineLocal = false : VMs defined inline will be global in scope if allowed.
2014-08-22 22:34:58,946 - Velocimacro : autoload off : VM system will not automatically reload global library macros
2014-08-22 22:38:44,024 - Log4JLogChute initialized using file 'velocity.log'
2014-08-22 22:38:44,025 - Starting Apache Velocity v1.6.4 (compiled: 2010-04-27 15:31:23)
2014-08-22 22:38:44,025 - Default Properties File: org\apache\velocity\runtime\defaults\velocity.properties
2014-08-22 22:38:44,025 - Trying to use logger class org.apache.velocity.runtime.log.AvalonLogChute
2014-08-22 22:38:44,025 - Target log system for org.apache.velocity.runtime.log.AvalonLogChute is not available (java.lang.NoClassDefFoundError: org/apache/log/format/Formatter).  Falling back to next log system...
2014-08-22 22:38:44,025 - Trying to use logger class org.apache.velocity.runtime.log.Log4JLogChute
2014-08-22 22:38:44,025 - Using logger class org.apache.velocity.runtime.log.Log4JLogChute
2014-08-22 22:38:44,030 - ResourceLoader instantiated: org.apache.velocity.runtime.resource.loader.ClasspathResourceLoader
2014-08-22 22:38:44,048 - ResourceCache: initialized (class org.apache.velocity.runtime.resource.ResourceCacheImpl) with class java.util.Collections$SynchronizedMap cache map.
2014-08-22 22:38:44,049 - Loaded System Directive: org.apache.velocity.runtime.directive.Define
2014-08-22 22:38:44,050 - Loaded System Directive: org.apache.velocity.runtime.directive.Break
2014-08-22 22:38:44,051 - Loaded System Directive: org.apache.velocity.runtime.directive.Evaluate
2014-08-22 22:38:44,051 - Loaded System Directive: org.apache.velocity.runtime.directive.Literal
2014-08-22 22:38:44,052 - Loaded System Directive: org.apache.velocity.runtime.directive.Macro
2014-08-22 22:38:44,053 - Loaded System Directive: org.apache.velocity.runtime.directive.Parse
2014-08-22 22:38:44,054 - Loaded System Directive: org.apache.velocity.runtime.directive.Include
2014-08-22 22:38:44,055 - Loaded System Directive: org.apache.velocity.runtime.directive.Foreach
2014-08-22 22:38:44,058 - Velocity was not initialized! Calling init()...
2014-08-22 22:38:44,078 - Velocity was not initialized! Calling init()...
2014-08-22 22:38:44,078 - Velocity was not initialized! Calling init()...
2014-08-22 22:38:44,078 - Velocity was not initialized! Calling init()...
2014-08-22 22:38:44,078 - Velocity was not initialized! Calling init()...
2014-08-22 22:38:44,078 - Velocity was not initialized! Calling init()...
2014-08-22 22:38:44,078 - Velocity was not initialized! Calling init()...
2014-08-22 22:38:44,078 - Velocity was not initialized! Calling init()...
2014-08-22 22:38:44,078 - Velocity was not initialized! Calling init()...
2014-08-22 22:38:44,079 - Velocity was not initialized! Calling init()...
2014-08-22 22:38:44,079 - Velocity was not initialized! Calling init()...
2014-08-22 22:38:44,079 - Velocity was not initialized! Calling init()...
2014-08-22 22:38:44,079 - Velocity was not initialized! Calling init()...
2014-08-22 22:38:44,079 - Velocity was not initialized! Calling init()...
2014-08-22 22:38:44,079 - Velocity was not initialized! Calling init()...
2014-08-22 22:38:44,079 - Velocity was not initialized! Calling init()...
2014-08-22 22:38:44,079 - Velocity was not initialized! Calling init()...
2014-08-22 22:38:44,079 - Velocity was not initialized! Calling init()...
2014-08-22 22:38:44,080 - Velocity was not initialized! Calling init()...
2014-08-22 22:38:44,080 - Velocity was not initialized! Calling init()...
2014-08-22 22:38:44,080 - Created '20' parsers.
2014-08-22 22:38:44,085 - Velocimacro : "velocimacro.library" is not set.  Trying default library: VM_global_library.vm
2014-08-22 22:38:44,085 - Velocity was not initialized! Calling init()...
2014-08-22 22:38:44,086 - Could not load resource 'VM_global_library.vm' from ResourceLoader org.apache.velocity.runtime.resource.loader.ClasspathResourceLoader: 
org.apache.velocity.exception.ResourceNotFoundException: ClasspathResourceLoader Error: cannot find resource VM_global_library.vm
	at org.apache.velocity.runtime.resource.loader.ClasspathResourceLoader.getResourceStream(ClasspathResourceLoader.java:131)
	at org.apache.velocity.runtime.resource.loader.ResourceLoader.resourceExists(ResourceLoader.java:224)
	at org.apache.velocity.runtime.resource.ResourceManagerImpl.getLoaderForResource(ResourceManagerImpl.java:641)
	at org.apache.velocity.runtime.resource.ResourceManagerImpl.getLoaderNameForResource(ResourceManagerImpl.java:624)
	at org.apache.velocity.runtime.RuntimeInstance.getLoaderNameForResource(RuntimeInstance.java:1464)
	at org.apache.velocity.runtime.VelocimacroFactory.initVelocimacro(VelocimacroFactory.java:159)
	at org.apache.velocity.runtime.RuntimeInstance.init(RuntimeInstance.java:261)
	at org.apache.velocity.runtime.RuntimeSingleton.init(RuntimeSingleton.java:114)
	at org.apache.velocity.app.Velocity.init(Velocity.java:79)
	at org.pgrisafi.gengen.generator.Generator.init(Generator.java:45)
	at org.pgrisafi.gengen.GenGenMojo.execute(GenGenMojo.java:64)
	at org.apache.maven.plugin.DefaultBuildPluginManager.executeMojo(DefaultBuildPluginManager.java:132)
	at org.apache.maven.lifecycle.internal.MojoExecutor.execute(MojoExecutor.java:208)
	at org.apache.maven.lifecycle.internal.MojoExecutor.execute(MojoExecutor.java:153)
	at org.apache.maven.lifecycle.internal.MojoExecutor.execute(MojoExecutor.java:145)
	at org.apache.maven.lifecycle.internal.LifecycleModuleBuilder.buildProject(LifecycleModuleBuilder.java:116)
	at org.apache.maven.lifecycle.internal.LifecycleModuleBuilder.buildProject(LifecycleModuleBuilder.java:80)
	at org.apache.maven.lifecycle.internal.builder.singlethreaded.SingleThreadedBuilder.build(SingleThreadedBuilder.java:51)
	at org.apache.maven.lifecycle.internal.LifecycleStarter.execute(LifecycleStarter.java:120)
	at org.apache.maven.DefaultMaven.doExecute(DefaultMaven.java:347)
	at org.apache.maven.DefaultMaven.execute(DefaultMaven.java:154)
	at org.apache.maven.cli.MavenCli.execute(MavenCli.java:584)
	at org.apache.maven.cli.MavenCli.doMain(MavenCli.java:213)
	at org.apache.maven.cli.MavenCli.main(MavenCli.java:157)
	at sun.reflect.NativeMethodAccessorImpl.invoke0(Native Method)
	at sun.reflect.NativeMethodAccessorImpl.invoke(NativeMethodAccessorImpl.java:62)
	at sun.reflect.DelegatingMethodAccessorImpl.invoke(DelegatingMethodAccessorImpl.java:43)
	at java.lang.reflect.Method.invoke(Method.java:483)
	at org.codehaus.plexus.classworlds.launcher.Launcher.launchEnhanced(Launcher.java:289)
	at org.codehaus.plexus.classworlds.launcher.Launcher.launch(Launcher.java:229)
	at org.codehaus.plexus.classworlds.launcher.Launcher.mainWithExitCode(Launcher.java:415)
	at org.codehaus.plexus.classworlds.launcher.Launcher.main(Launcher.java:356)
2014-08-22 22:38:44,088 - Velocimacro : Default library not found.
2014-08-22 22:38:44,088 - Velocimacro : allowInline = true : VMs can be defined inline in templates
2014-08-22 22:38:44,088 - Velocimacro : allowInlineToOverride = false : VMs defined inline may NOT replace previous VM definitions
2014-08-22 22:38:44,088 - Velocimacro : allowInlineLocal = false : VMs defined inline will be global in scope if allowed.
2014-08-22 22:38:44,088 - Velocimacro : autoload off : VM system will not automatically reload global library macros
2014-08-22 22:43:13,072 - Log4JLogChute initialized using file 'velocity.log'
2014-08-22 22:43:13,073 - Starting Apache Velocity v1.6.4 (compiled: 2010-04-27 15:31:23)
2014-08-22 22:43:13,073 - Default Properties File: org\apache\velocity\runtime\defaults\velocity.properties
2014-08-22 22:43:13,073 - Trying to use logger class org.apache.velocity.runtime.log.AvalonLogChute
2014-08-22 22:43:13,074 - Target log system for org.apache.velocity.runtime.log.AvalonLogChute is not available (java.lang.NoClassDefFoundError: org/apache/log/format/Formatter).  Falling back to next log system...
2014-08-22 22:43:13,074 - Trying to use logger class org.apache.velocity.runtime.log.Log4JLogChute
2014-08-22 22:43:13,074 - Using logger class org.apache.velocity.runtime.log.Log4JLogChute
2014-08-22 22:43:13,079 - ResourceLoader instantiated: org.apache.velocity.runtime.resource.loader.ClasspathResourceLoader
2014-08-22 22:43:13,102 - ResourceCache: initialized (class org.apache.velocity.runtime.resource.ResourceCacheImpl) with class java.util.Collections$SynchronizedMap cache map.
2014-08-22 22:43:13,104 - Loaded System Directive: org.apache.velocity.runtime.directive.Define
2014-08-22 22:43:13,106 - Loaded System Directive: org.apache.velocity.runtime.directive.Break
2014-08-22 22:43:13,108 - Loaded System Directive: org.apache.velocity.runtime.directive.Evaluate
2014-08-22 22:43:13,109 - Loaded System Directive: org.apache.velocity.runtime.directive.Literal
2014-08-22 22:43:13,111 - Loaded System Directive: org.apache.velocity.runtime.directive.Macro
2014-08-22 22:43:13,113 - Loaded System Directive: org.apache.velocity.runtime.directive.Parse
2014-08-22 22:43:13,116 - Loaded System Directive: org.apache.velocity.runtime.directive.Include
2014-08-22 22:43:13,118 - Loaded System Directive: org.apache.velocity.runtime.directive.Foreach
2014-08-22 22:43:13,122 - Velocity was not initialized! Calling init()...
2014-08-22 22:43:13,165 - Velocity was not initialized! Calling init()...
2014-08-22 22:43:13,166 - Velocity was not initialized! Calling init()...
2014-08-22 22:43:13,166 - Velocity was not initialized! Calling init()...
2014-08-22 22:43:13,166 - Velocity was not initialized! Calling init()...
2014-08-22 22:43:13,166 - Velocity was not initialized! Calling init()...
2014-08-22 22:43:13,166 - Velocity was not initialized! Calling init()...
2014-08-22 22:43:13,166 - Velocity was not initialized! Calling init()...
2014-08-22 22:43:13,166 - Velocity was not initialized! Calling init()...
2014-08-22 22:43:13,167 - Velocity was not initialized! Calling init()...
2014-08-22 22:43:13,167 - Velocity was not initialized! Calling init()...
2014-08-22 22:43:13,167 - Velocity was not initialized! Calling init()...
2014-08-22 22:43:13,167 - Velocity was not initialized! Calling init()...
2014-08-22 22:43:13,167 - Velocity was not initialized! Calling init()...
2014-08-22 22:43:13,167 - Velocity was not initialized! Calling init()...
2014-08-22 22:43:13,168 - Velocity was not initialized! Calling init()...
2014-08-22 22:43:13,168 - Velocity was not initialized! Calling init()...
2014-08-22 22:43:13,168 - Velocity was not initialized! Calling init()...
2014-08-22 22:43:13,168 - Velocity was not initialized! Calling init()...
2014-08-22 22:43:13,168 - Velocity was not initialized! Calling init()...
2014-08-22 22:43:13,168 - Created '20' parsers.
2014-08-22 22:43:13,178 - Velocimacro : "velocimacro.library" is not set.  Trying default library: VM_global_library.vm
2014-08-22 22:43:13,178 - Velocity was not initialized! Calling init()...
2014-08-22 22:43:13,181 - Could not load resource 'VM_global_library.vm' from ResourceLoader org.apache.velocity.runtime.resource.loader.ClasspathResourceLoader: 
org.apache.velocity.exception.ResourceNotFoundException: ClasspathResourceLoader Error: cannot find resource VM_global_library.vm
	at org.apache.velocity.runtime.resource.loader.ClasspathResourceLoader.getResourceStream(ClasspathResourceLoader.java:131)
	at org.apache.velocity.runtime.resource.loader.ResourceLoader.resourceExists(ResourceLoader.java:224)
	at org.apache.velocity.runtime.resource.ResourceManagerImpl.getLoaderForResource(ResourceManagerImpl.java:641)
	at org.apache.velocity.runtime.resource.ResourceManagerImpl.getLoaderNameForResource(ResourceManagerImpl.java:624)
	at org.apache.velocity.runtime.RuntimeInstance.getLoaderNameForResource(RuntimeInstance.java:1464)
	at org.apache.velocity.runtime.VelocimacroFactory.initVelocimacro(VelocimacroFactory.java:159)
	at org.apache.velocity.runtime.RuntimeInstance.init(RuntimeInstance.java:261)
	at org.apache.velocity.runtime.RuntimeSingleton.init(RuntimeSingleton.java:114)
	at org.apache.velocity.app.Velocity.init(Velocity.java:79)
	at org.pgrisafi.gengen.generator.Generator.init(Generator.java:45)
	at org.pgrisafi.gengen.GenGenMojo.execute(GenGenMojo.java:64)
	at org.apache.maven.plugin.DefaultBuildPluginManager.executeMojo(DefaultBuildPluginManager.java:132)
	at org.apache.maven.lifecycle.internal.MojoExecutor.execute(MojoExecutor.java:208)
	at org.apache.maven.lifecycle.internal.MojoExecutor.execute(MojoExecutor.java:153)
	at org.apache.maven.lifecycle.internal.MojoExecutor.execute(MojoExecutor.java:145)
	at org.apache.maven.lifecycle.internal.LifecycleModuleBuilder.buildProject(LifecycleModuleBuilder.java:116)
	at org.apache.maven.lifecycle.internal.LifecycleModuleBuilder.buildProject(LifecycleModuleBuilder.java:80)
	at org.apache.maven.lifecycle.internal.builder.singlethreaded.SingleThreadedBuilder.build(SingleThreadedBuilder.java:51)
	at org.apache.maven.lifecycle.internal.LifecycleStarter.execute(LifecycleStarter.java:120)
	at org.apache.maven.DefaultMaven.doExecute(DefaultMaven.java:347)
	at org.apache.maven.DefaultMaven.execute(DefaultMaven.java:154)
	at org.apache.maven.cli.MavenCli.execute(MavenCli.java:584)
	at org.apache.maven.cli.MavenCli.doMain(MavenCli.java:213)
	at org.apache.maven.cli.MavenCli.main(MavenCli.java:157)
	at sun.reflect.NativeMethodAccessorImpl.invoke0(Native Method)
	at sun.reflect.NativeMethodAccessorImpl.invoke(NativeMethodAccessorImpl.java:62)
	at sun.reflect.DelegatingMethodAccessorImpl.invoke(DelegatingMethodAccessorImpl.java:43)
	at java.lang.reflect.Method.invoke(Method.java:483)
	at org.codehaus.plexus.classworlds.launcher.Launcher.launchEnhanced(Launcher.java:289)
	at org.codehaus.plexus.classworlds.launcher.Launcher.launch(Launcher.java:229)
	at org.codehaus.plexus.classworlds.launcher.Launcher.mainWithExitCode(Launcher.java:415)
	at org.codehaus.plexus.classworlds.launcher.Launcher.main(Launcher.java:356)
2014-08-22 22:43:13,187 - Velocimacro : Default library not found.
2014-08-22 22:43:13,187 - Velocimacro : allowInline = true : VMs can be defined inline in templates
2014-08-22 22:43:13,187 - Velocimacro : allowInlineToOverride = false : VMs defined inline may NOT replace previous VM definitions
2014-08-22 22:43:13,187 - Velocimacro : allowInlineLocal = false : VMs defined inline will be global in scope if allowed.
2014-08-22 22:43:13,187 - Velocimacro : autoload off : VM system will not automatically reload global library macros
2014-08-22 22:52:57,878 - Log4JLogChute initialized using file 'velocity.log'
2014-08-22 22:52:57,879 - Starting Apache Velocity v1.6.4 (compiled: 2010-04-27 15:31:23)
2014-08-22 22:52:57,879 - Default Properties File: org\apache\velocity\runtime\defaults\velocity.properties
2014-08-22 22:52:57,879 - Trying to use logger class org.apache.velocity.runtime.log.AvalonLogChute
2014-08-22 22:52:57,879 - Target log system for org.apache.velocity.runtime.log.AvalonLogChute is not available (java.lang.NoClassDefFoundError: org/apache/log/format/Formatter).  Falling back to next log system...
2014-08-22 22:52:57,879 - Trying to use logger class org.apache.velocity.runtime.log.Log4JLogChute
2014-08-22 22:52:57,879 - Using logger class org.apache.velocity.runtime.log.Log4JLogChute
2014-08-22 22:52:57,883 - ResourceLoader instantiated: org.apache.velocity.runtime.resource.loader.ClasspathResourceLoader
2014-08-22 22:52:57,900 - ResourceCache: initialized (class org.apache.velocity.runtime.resource.ResourceCacheImpl) with class java.util.Collections$SynchronizedMap cache map.
2014-08-22 22:52:57,901 - Loaded System Directive: org.apache.velocity.runtime.directive.Define
2014-08-22 22:52:57,902 - Loaded System Directive: org.apache.velocity.runtime.directive.Break
2014-08-22 22:52:57,903 - Loaded System Directive: org.apache.velocity.runtime.directive.Evaluate
2014-08-22 22:52:57,904 - Loaded System Directive: org.apache.velocity.runtime.directive.Literal
2014-08-22 22:52:57,905 - Loaded System Directive: org.apache.velocity.runtime.directive.Macro
2014-08-22 22:52:57,906 - Loaded System Directive: org.apache.velocity.runtime.directive.Parse
2014-08-22 22:52:57,907 - Loaded System Directive: org.apache.velocity.runtime.directive.Include
2014-08-22 22:52:57,908 - Loaded System Directive: org.apache.velocity.runtime.directive.Foreach
2014-08-22 22:52:57,910 - Velocity was not initialized! Calling init()...
2014-08-22 22:52:57,933 - Velocity was not initialized! Calling init()...
2014-08-22 22:52:57,933 - Velocity was not initialized! Calling init()...
2014-08-22 22:52:57,933 - Velocity was not initialized! Calling init()...
2014-08-22 22:52:57,934 - Velocity was not initialized! Calling init()...
2014-08-22 22:52:57,934 - Velocity was not initialized! Calling init()...
2014-08-22 22:52:57,934 - Velocity was not initialized! Calling init()...
2014-08-22 22:52:57,934 - Velocity was not initialized! Calling init()...
2014-08-22 22:52:57,934 - Velocity was not initialized! Calling init()...
2014-08-22 22:52:57,934 - Velocity was not initialized! Calling init()...
2014-08-22 22:52:57,934 - Velocity was not initialized! Calling init()...
2014-08-22 22:52:57,934 - Velocity was not initialized! Calling init()...
2014-08-22 22:52:57,935 - Velocity was not initialized! Calling init()...
2014-08-22 22:52:57,935 - Velocity was not initialized! Calling init()...
2014-08-22 22:52:57,935 - Velocity was not initialized! Calling init()...
2014-08-22 22:52:57,941 - Velocity was not initialized! Calling init()...
2014-08-22 22:52:57,942 - Velocity was not initialized! Calling init()...
2014-08-22 22:52:57,942 - Velocity was not initialized! Calling init()...
2014-08-22 22:52:57,942 - Velocity was not initialized! Calling init()...
2014-08-22 22:52:57,943 - Velocity was not initialized! Calling init()...
2014-08-22 22:52:57,943 - Created '20' parsers.
2014-08-22 22:52:57,950 - Velocimacro : "velocimacro.library" is not set.  Trying default library: VM_global_library.vm
2014-08-22 22:52:57,950 - Velocity was not initialized! Calling init()...
2014-08-22 22:52:57,951 - Could not load resource 'VM_global_library.vm' from ResourceLoader org.apache.velocity.runtime.resource.loader.ClasspathResourceLoader: 
org.apache.velocity.exception.ResourceNotFoundException: ClasspathResourceLoader Error: cannot find resource VM_global_library.vm
	at org.apache.velocity.runtime.resource.loader.ClasspathResourceLoader.getResourceStream(ClasspathResourceLoader.java:131)
	at org.apache.velocity.runtime.resource.loader.ResourceLoader.resourceExists(ResourceLoader.java:224)
	at org.apache.velocity.runtime.resource.ResourceManagerImpl.getLoaderForResource(ResourceManagerImpl.java:641)
	at org.apache.velocity.runtime.resource.ResourceManagerImpl.getLoaderNameForResource(ResourceManagerImpl.java:624)
	at org.apache.velocity.runtime.RuntimeInstance.getLoaderNameForResource(RuntimeInstance.java:1464)
	at org.apache.velocity.runtime.VelocimacroFactory.initVelocimacro(VelocimacroFactory.java:159)
	at org.apache.velocity.runtime.RuntimeInstance.init(RuntimeInstance.java:261)
	at org.apache.velocity.runtime.RuntimeSingleton.init(RuntimeSingleton.java:114)
	at org.apache.velocity.app.Velocity.init(Velocity.java:79)
	at org.pgrisafi.gengen.generator.Generator.init(Generator.java:45)
	at org.pgrisafi.gengen.GenGenMojo.execute(GenGenMojo.java:64)
	at org.apache.maven.plugin.DefaultBuildPluginManager.executeMojo(DefaultBuildPluginManager.java:132)
	at org.apache.maven.lifecycle.internal.MojoExecutor.execute(MojoExecutor.java:208)
	at org.apache.maven.lifecycle.internal.MojoExecutor.execute(MojoExecutor.java:153)
	at org.apache.maven.lifecycle.internal.MojoExecutor.execute(MojoExecutor.java:145)
	at org.apache.maven.lifecycle.internal.LifecycleModuleBuilder.buildProject(LifecycleModuleBuilder.java:116)
	at org.apache.maven.lifecycle.internal.LifecycleModuleBuilder.buildProject(LifecycleModuleBuilder.java:80)
	at org.apache.maven.lifecycle.internal.builder.singlethreaded.SingleThreadedBuilder.build(SingleThreadedBuilder.java:51)
	at org.apache.maven.lifecycle.internal.LifecycleStarter.execute(LifecycleStarter.java:120)
	at org.apache.maven.DefaultMaven.doExecute(DefaultMaven.java:347)
	at org.apache.maven.DefaultMaven.execute(DefaultMaven.java:154)
	at org.apache.maven.cli.MavenCli.execute(MavenCli.java:584)
	at org.apache.maven.cli.MavenCli.doMain(MavenCli.java:213)
	at org.apache.maven.cli.MavenCli.main(MavenCli.java:157)
	at sun.reflect.NativeMethodAccessorImpl.invoke0(Native Method)
	at sun.reflect.NativeMethodAccessorImpl.invoke(NativeMethodAccessorImpl.java:62)
	at sun.reflect.DelegatingMethodAccessorImpl.invoke(DelegatingMethodAccessorImpl.java:43)
	at java.lang.reflect.Method.invoke(Method.java:483)
	at org.codehaus.plexus.classworlds.launcher.Launcher.launchEnhanced(Launcher.java:289)
	at org.codehaus.plexus.classworlds.launcher.Launcher.launch(Launcher.java:229)
	at org.codehaus.plexus.classworlds.launcher.Launcher.mainWithExitCode(Launcher.java:415)
	at org.codehaus.plexus.classworlds.launcher.Launcher.main(Launcher.java:356)
2014-08-22 22:52:57,954 - Velocimacro : Default library not found.
2014-08-22 22:52:57,954 - Velocimacro : allowInline = true : VMs can be defined inline in templates
2014-08-22 22:52:57,954 - Velocimacro : allowInlineToOverride = false : VMs defined inline may NOT replace previous VM definitions
2014-08-22 22:52:57,954 - Velocimacro : allowInlineLocal = false : VMs defined inline will be global in scope if allowed.
2014-08-22 22:52:57,954 - Velocimacro : autoload off : VM system will not automatically reload global library macros
2014-08-22 22:57:56,804 - Log4JLogChute initialized using file 'velocity.log'
2014-08-22 22:57:56,805 - Starting Apache Velocity v1.6.4 (compiled: 2010-04-27 15:31:23)
2014-08-22 22:57:56,805 - Default Properties File: org\apache\velocity\runtime\defaults\velocity.properties
2014-08-22 22:57:56,805 - Trying to use logger class org.apache.velocity.runtime.log.AvalonLogChute
2014-08-22 22:57:56,805 - Target log system for org.apache.velocity.runtime.log.AvalonLogChute is not available (java.lang.NoClassDefFoundError: org/apache/log/format/Formatter).  Falling back to next log system...
2014-08-22 22:57:56,805 - Trying to use logger class org.apache.velocity.runtime.log.Log4JLogChute
2014-08-22 22:57:56,805 - Using logger class org.apache.velocity.runtime.log.Log4JLogChute
2014-08-22 22:57:56,811 - ResourceLoader instantiated: org.apache.velocity.runtime.resource.loader.ClasspathResourceLoader
2014-08-22 22:57:56,831 - ResourceCache: initialized (class org.apache.velocity.runtime.resource.ResourceCacheImpl) with class java.util.Collections$SynchronizedMap cache map.
2014-08-22 22:57:56,833 - Loaded System Directive: org.apache.velocity.runtime.directive.Define
2014-08-22 22:57:56,834 - Loaded System Directive: org.apache.velocity.runtime.directive.Break
2014-08-22 22:57:56,835 - Loaded System Directive: org.apache.velocity.runtime.directive.Evaluate
2014-08-22 22:57:56,836 - Loaded System Directive: org.apache.velocity.runtime.directive.Literal
2014-08-22 22:57:56,838 - Loaded System Directive: org.apache.velocity.runtime.directive.Macro
2014-08-22 22:57:56,840 - Loaded System Directive: org.apache.velocity.runtime.directive.Parse
2014-08-22 22:57:56,841 - Loaded System Directive: org.apache.velocity.runtime.directive.Include
2014-08-22 22:57:56,843 - Loaded System Directive: org.apache.velocity.runtime.directive.Foreach
2014-08-22 22:57:56,845 - Velocity was not initialized! Calling init()...
2014-08-22 22:57:56,874 - Velocity was not initialized! Calling init()...
2014-08-22 22:57:56,874 - Velocity was not initialized! Calling init()...
2014-08-22 22:57:56,874 - Velocity was not initialized! Calling init()...
2014-08-22 22:57:56,874 - Velocity was not initialized! Calling init()...
2014-08-22 22:57:56,874 - Velocity was not initialized! Calling init()...
2014-08-22 22:57:56,874 - Velocity was not initialized! Calling init()...
2014-08-22 22:57:56,875 - Velocity was not initialized! Calling init()...
2014-08-22 22:57:56,875 - Velocity was not initialized! Calling init()...
2014-08-22 22:57:56,875 - Velocity was not initialized! Calling init()...
2014-08-22 22:57:56,875 - Velocity was not initialized! Calling init()...
2014-08-22 22:57:56,875 - Velocity was not initialized! Calling init()...
2014-08-22 22:57:56,875 - Velocity was not initialized! Calling init()...
2014-08-22 22:57:56,875 - Velocity was not initialized! Calling init()...
2014-08-22 22:57:56,876 - Velocity was not initialized! Calling init()...
2014-08-22 22:57:56,876 - Velocity was not initialized! Calling init()...
2014-08-22 22:57:56,876 - Velocity was not initialized! Calling init()...
2014-08-22 22:57:56,876 - Velocity was not initialized! Calling init()...
2014-08-22 22:57:56,876 - Velocity was not initialized! Calling init()...
2014-08-22 22:57:56,876 - Velocity was not initialized! Calling init()...
2014-08-22 22:57:56,876 - Created '20' parsers.
2014-08-22 22:57:56,900 - Velocimacro : "velocimacro.library" is not set.  Trying default library: VM_global_library.vm
2014-08-22 22:57:56,900 - Velocity was not initialized! Calling init()...
2014-08-22 22:57:56,902 - Could not load resource 'VM_global_library.vm' from ResourceLoader org.apache.velocity.runtime.resource.loader.ClasspathResourceLoader: 
org.apache.velocity.exception.ResourceNotFoundException: ClasspathResourceLoader Error: cannot find resource VM_global_library.vm
	at org.apache.velocity.runtime.resource.loader.ClasspathResourceLoader.getResourceStream(ClasspathResourceLoader.java:131)
	at org.apache.velocity.runtime.resource.loader.ResourceLoader.resourceExists(ResourceLoader.java:224)
	at org.apache.velocity.runtime.resource.ResourceManagerImpl.getLoaderForResource(ResourceManagerImpl.java:641)
	at org.apache.velocity.runtime.resource.ResourceManagerImpl.getLoaderNameForResource(ResourceManagerImpl.java:624)
	at org.apache.velocity.runtime.RuntimeInstance.getLoaderNameForResource(RuntimeInstance.java:1464)
	at org.apache.velocity.runtime.VelocimacroFactory.initVelocimacro(VelocimacroFactory.java:159)
	at org.apache.velocity.runtime.RuntimeInstance.init(RuntimeInstance.java:261)
	at org.apache.velocity.runtime.RuntimeSingleton.init(RuntimeSingleton.java:114)
	at org.apache.velocity.app.Velocity.init(Velocity.java:79)
	at org.pgrisafi.gengen.generator.Generator.init(Generator.java:45)
	at org.pgrisafi.gengen.GenGenMojo.execute(GenGenMojo.java:64)
	at org.apache.maven.plugin.DefaultBuildPluginManager.executeMojo(DefaultBuildPluginManager.java:132)
	at org.apache.maven.lifecycle.internal.MojoExecutor.execute(MojoExecutor.java:208)
	at org.apache.maven.lifecycle.internal.MojoExecutor.execute(MojoExecutor.java:153)
	at org.apache.maven.lifecycle.internal.MojoExecutor.execute(MojoExecutor.java:145)
	at org.apache.maven.lifecycle.internal.LifecycleModuleBuilder.buildProject(LifecycleModuleBuilder.java:116)
	at org.apache.maven.lifecycle.internal.LifecycleModuleBuilder.buildProject(LifecycleModuleBuilder.java:80)
	at org.apache.maven.lifecycle.internal.builder.singlethreaded.SingleThreadedBuilder.build(SingleThreadedBuilder.java:51)
	at org.apache.maven.lifecycle.internal.LifecycleStarter.execute(LifecycleStarter.java:120)
	at org.apache.maven.DefaultMaven.doExecute(DefaultMaven.java:347)
	at org.apache.maven.DefaultMaven.execute(DefaultMaven.java:154)
	at org.apache.maven.cli.MavenCli.execute(MavenCli.java:584)
	at org.apache.maven.cli.MavenCli.doMain(MavenCli.java:213)
	at org.apache.maven.cli.MavenCli.main(MavenCli.java:157)
	at sun.reflect.NativeMethodAccessorImpl.invoke0(Native Method)
	at sun.reflect.NativeMethodAccessorImpl.invoke(NativeMethodAccessorImpl.java:62)
	at sun.reflect.DelegatingMethodAccessorImpl.invoke(DelegatingMethodAccessorImpl.java:43)
	at java.lang.reflect.Method.invoke(Method.java:483)
	at org.codehaus.plexus.classworlds.launcher.Launcher.launchEnhanced(Launcher.java:289)
	at org.codehaus.plexus.classworlds.launcher.Launcher.launch(Launcher.java:229)
	at org.codehaus.plexus.classworlds.launcher.Launcher.mainWithExitCode(Launcher.java:415)
	at org.codehaus.plexus.classworlds.launcher.Launcher.main(Launcher.java:356)
2014-08-22 22:57:56,904 - Velocimacro : Default library not found.
2014-08-22 22:57:56,904 - Velocimacro : allowInline = true : VMs can be defined inline in templates
2014-08-22 22:57:56,905 - Velocimacro : allowInlineToOverride = false : VMs defined inline may NOT replace previous VM definitions
2014-08-22 22:57:56,905 - Velocimacro : allowInlineLocal = false : VMs defined inline will be global in scope if allowed.
2014-08-22 22:57:56,905 - Velocimacro : autoload off : VM system will not automatically reload global library macros
2014-08-22 22:59:35,471 - Log4JLogChute initialized using file 'velocity.log'
2014-08-22 22:59:35,472 - Starting Apache Velocity v1.6.4 (compiled: 2010-04-27 15:31:23)
2014-08-22 22:59:35,472 - Default Properties File: org\apache\velocity\runtime\defaults\velocity.properties
2014-08-22 22:59:35,472 - Trying to use logger class org.apache.velocity.runtime.log.AvalonLogChute
2014-08-22 22:59:35,472 - Target log system for org.apache.velocity.runtime.log.AvalonLogChute is not available (java.lang.NoClassDefFoundError: org/apache/log/format/Formatter).  Falling back to next log system...
2014-08-22 22:59:35,472 - Trying to use logger class org.apache.velocity.runtime.log.Log4JLogChute
2014-08-22 22:59:35,472 - Using logger class org.apache.velocity.runtime.log.Log4JLogChute
2014-08-22 22:59:35,479 - ResourceLoader instantiated: org.apache.velocity.runtime.resource.loader.ClasspathResourceLoader
2014-08-22 22:59:35,515 - ResourceCache: initialized (class org.apache.velocity.runtime.resource.ResourceCacheImpl) with class java.util.Collections$SynchronizedMap cache map.
2014-08-22 22:59:35,518 - Loaded System Directive: org.apache.velocity.runtime.directive.Define
2014-08-22 22:59:35,520 - Loaded System Directive: org.apache.velocity.runtime.directive.Break
2014-08-22 22:59:35,521 - Loaded System Directive: org.apache.velocity.runtime.directive.Evaluate
2014-08-22 22:59:35,523 - Loaded System Directive: org.apache.velocity.runtime.directive.Literal
2014-08-22 22:59:35,525 - Loaded System Directive: org.apache.velocity.runtime.directive.Macro
2014-08-22 22:59:35,528 - Loaded System Directive: org.apache.velocity.runtime.directive.Parse
2014-08-22 22:59:35,531 - Loaded System Directive: org.apache.velocity.runtime.directive.Include
2014-08-22 22:59:35,534 - Loaded System Directive: org.apache.velocity.runtime.directive.Foreach
2014-08-22 22:59:35,538 - Velocity was not initialized! Calling init()...
2014-08-22 22:59:35,579 - Velocity was not initialized! Calling init()...
2014-08-22 22:59:35,579 - Velocity was not initialized! Calling init()...
2014-08-22 22:59:35,580 - Velocity was not initialized! Calling init()...
2014-08-22 22:59:35,580 - Velocity was not initialized! Calling init()...
2014-08-22 22:59:35,580 - Velocity was not initialized! Calling init()...
2014-08-22 22:59:35,580 - Velocity was not initialized! Calling init()...
2014-08-22 22:59:35,580 - Velocity was not initialized! Calling init()...
2014-08-22 22:59:35,580 - Velocity was not initialized! Calling init()...
2014-08-22 22:59:35,580 - Velocity was not initialized! Calling init()...
2014-08-22 22:59:35,581 - Velocity was not initialized! Calling init()...
2014-08-22 22:59:35,581 - Velocity was not initialized! Calling init()...
2014-08-22 22:59:35,581 - Velocity was not initialized! Calling init()...
2014-08-22 22:59:35,581 - Velocity was not initialized! Calling init()...
2014-08-22 22:59:35,581 - Velocity was not initialized! Calling init()...
2014-08-22 22:59:35,581 - Velocity was not initialized! Calling init()...
2014-08-22 22:59:35,663 - Velocity was not initialized! Calling init()...
2014-08-22 22:59:35,663 - Velocity was not initialized! Calling init()...
2014-08-22 22:59:35,663 - Velocity was not initialized! Calling init()...
2014-08-22 22:59:35,663 - Velocity was not initialized! Calling init()...
2014-08-22 22:59:35,664 - Created '20' parsers.
2014-08-22 22:59:35,676 - Velocimacro : "velocimacro.library" is not set.  Trying default library: VM_global_library.vm
2014-08-22 22:59:35,677 - Velocity was not initialized! Calling init()...
2014-08-22 22:59:35,679 - Could not load resource 'VM_global_library.vm' from ResourceLoader org.apache.velocity.runtime.resource.loader.ClasspathResourceLoader: 
org.apache.velocity.exception.ResourceNotFoundException: ClasspathResourceLoader Error: cannot find resource VM_global_library.vm
	at org.apache.velocity.runtime.resource.loader.ClasspathResourceLoader.getResourceStream(ClasspathResourceLoader.java:131)
	at org.apache.velocity.runtime.resource.loader.ResourceLoader.resourceExists(ResourceLoader.java:224)
	at org.apache.velocity.runtime.resource.ResourceManagerImpl.getLoaderForResource(ResourceManagerImpl.java:641)
	at org.apache.velocity.runtime.resource.ResourceManagerImpl.getLoaderNameForResource(ResourceManagerImpl.java:624)
	at org.apache.velocity.runtime.RuntimeInstance.getLoaderNameForResource(RuntimeInstance.java:1464)
	at org.apache.velocity.runtime.VelocimacroFactory.initVelocimacro(VelocimacroFactory.java:159)
	at org.apache.velocity.runtime.RuntimeInstance.init(RuntimeInstance.java:261)
	at org.apache.velocity.runtime.RuntimeSingleton.init(RuntimeSingleton.java:114)
	at org.apache.velocity.app.Velocity.init(Velocity.java:79)
	at org.pgrisafi.gengen.generator.Generator.init(Generator.java:45)
	at org.pgrisafi.gengen.GenGenMojo.execute(GenGenMojo.java:64)
	at org.apache.maven.plugin.DefaultBuildPluginManager.executeMojo(DefaultBuildPluginManager.java:132)
	at org.apache.maven.lifecycle.internal.MojoExecutor.execute(MojoExecutor.java:208)
	at org.apache.maven.lifecycle.internal.MojoExecutor.execute(MojoExecutor.java:153)
	at org.apache.maven.lifecycle.internal.MojoExecutor.execute(MojoExecutor.java:145)
	at org.apache.maven.lifecycle.internal.LifecycleModuleBuilder.buildProject(LifecycleModuleBuilder.java:116)
	at org.apache.maven.lifecycle.internal.LifecycleModuleBuilder.buildProject(LifecycleModuleBuilder.java:80)
	at org.apache.maven.lifecycle.internal.builder.singlethreaded.SingleThreadedBuilder.build(SingleThreadedBuilder.java:51)
	at org.apache.maven.lifecycle.internal.LifecycleStarter.execute(LifecycleStarter.java:120)
	at org.apache.maven.DefaultMaven.doExecute(DefaultMaven.java:347)
	at org.apache.maven.DefaultMaven.execute(DefaultMaven.java:154)
	at org.apache.maven.cli.MavenCli.execute(MavenCli.java:584)
	at org.apache.maven.cli.MavenCli.doMain(MavenCli.java:213)
	at org.apache.maven.cli.MavenCli.main(MavenCli.java:157)
	at sun.reflect.NativeMethodAccessorImpl.invoke0(Native Method)
	at sun.reflect.NativeMethodAccessorImpl.invoke(NativeMethodAccessorImpl.java:62)
	at sun.reflect.DelegatingMethodAccessorImpl.invoke(DelegatingMethodAccessorImpl.java:43)
	at java.lang.reflect.Method.invoke(Method.java:483)
	at org.codehaus.plexus.classworlds.launcher.Launcher.launchEnhanced(Launcher.java:289)
	at org.codehaus.plexus.classworlds.launcher.Launcher.launch(Launcher.java:229)
	at org.codehaus.plexus.classworlds.launcher.Launcher.mainWithExitCode(Launcher.java:415)
	at org.codehaus.plexus.classworlds.launcher.Launcher.main(Launcher.java:356)
2014-08-22 22:59:35,682 - Velocimacro : Default library not found.
2014-08-22 22:59:35,682 - Velocimacro : allowInline = true : VMs can be defined inline in templates
2014-08-22 22:59:35,682 - Velocimacro : allowInlineToOverride = false : VMs defined inline may NOT replace previous VM definitions
2014-08-22 22:59:35,682 - Velocimacro : allowInlineLocal = false : VMs defined inline will be global in scope if allowed.
2014-08-22 22:59:35,682 - Velocimacro : autoload off : VM system will not automatically reload global library macros
